2014/6/25 9:55:43
SteelYieldly:System.ServiceModel.FaultException: 服务器无法处理请求。 ---> ')' 附近有语法错误。

Server stack trace: 
   在 System.ServiceModel.Channels.ServiceChannel.HandleReply(ProxyOperationRuntime operation, ProxyRpc& rpc)
   在 System.ServiceModel.Channels.ServiceChannel.Call(String action, Boolean oneway, ProxyOperationRuntime operation, Object[] ins, Object[] outs, TimeSpan timeout)
   在 System.ServiceModel.Channels.ServiceChannelProxy.InvokeService(IMethodCallMessage methodCall, ProxyOperationRuntime operation)
   在 System.ServiceModel.Channels.ServiceChannelProxy.Invoke(IMessage message)

Exception rethrown at [0]: 
   在 System.Runtime.Remoting.Proxies.RealProxy.HandleReturnMessage(IMessage reqMsg, IMessage retMsg)
   在 System.Runtime.Remoting.Proxies.RealProxy.PrivateInvoke(MessageData& msgData, Int32 type)
   在 gtxh_m.gtxh_market.MarketAppServiceSoap.GetYieldly(String key)
   在 gtxh_m.gtxh_market.MarketAppServiceSoapClient.GetYieldly(String key) 位置 E:\projects\gtxh_m\gtxh_m\Service References\gtxh_market\Reference.cs:行号 788
   在 gtxh_m.Controllers.SteelYieldlyController.Index() 位置 E:\projects\gtxh_m\gtxh_m\Controllers\SteelYieldlyController.cs:行号 24

2014/6/25 9:56:10
SteelYieldly:System.ServiceModel.FaultException: 服务器无法处理请求。 ---> ')' 附近有语法错误。

Server stack trace: 
   在 System.ServiceModel.Channels.ServiceChannel.HandleReply(ProxyOperationRuntime operation, ProxyRpc& rpc)
   在 System.ServiceModel.Channels.ServiceChannel.Call(String action, Boolean oneway, ProxyOperationRuntime operation, Object[] ins, Object[] outs, TimeSpan timeout)
   在 System.ServiceModel.Channels.ServiceChannelProxy.InvokeService(IMethodCallMessage methodCall, ProxyOperationRuntime operation)
   在 System.ServiceModel.Channels.ServiceChannelProxy.Invoke(IMessage message)

Exception rethrown at [0]: 
   在 System.Runtime.Remoting.Proxies.RealProxy.HandleReturnMessage(IMessage reqMsg, IMessage retMsg)
   在 System.Runtime.Remoting.Proxies.RealProxy.PrivateInvoke(MessageData& msgData, Int32 type)
   在 gtxh_m.gtxh_market.MarketAppServiceSoap.GetYieldly(String key)
   在 gtxh_m.gtxh_market.MarketAppServiceSoapClient.GetYieldly(String key) 位置 E:\projects\gtxh_m\gtxh_m\Service References\gtxh_market\Reference.cs:行号 788
   在 gtxh_m.Controllers.SteelYieldlyController.Index() 位置 E:\projects\gtxh_m\gtxh_m\Controllers\SteelYieldlyController.cs:行号 24

2014/6/25 14:59:14
SteelYieldly:System.ServiceModel.FaultException: 服务器无法处理请求。 ---> ')' 附近有语法错误。

Server stack trace: 
   在 System.ServiceModel.Channels.ServiceChannel.HandleReply(ProxyOperationRuntime operation, ProxyRpc& rpc)
   在 System.ServiceModel.Channels.ServiceChannel.Call(String action, Boolean oneway, ProxyOperationRuntime operation, Object[] ins, Object[] outs, TimeSpan timeout)
   在 System.ServiceModel.Channels.ServiceChannelProxy.InvokeService(IMethodCallMessage methodCall, ProxyOperationRuntime operation)
   在 System.ServiceModel.Channels.ServiceChannelProxy.Invoke(IMessage message)

Exception rethrown at [0]: 
   在 System.Runtime.Remoting.Proxies.RealProxy.HandleReturnMessage(IMessage reqMsg, IMessage retMsg)
   在 System.Runtime.Remoting.Proxies.RealProxy.PrivateInvoke(MessageData& msgData, Int32 type)
   在 gtxh_m.gtxh_market.MarketAppServiceSoap.GetYieldly(String key)
   在 gtxh_m.gtxh_market.MarketAppServiceSoapClient.GetYieldly(String key) 位置 E:\projects\gtxh_m\gtxh_m\Service References\gtxh_market\Reference.cs:行号 788
   在 gtxh_m.Controllers.SteelYieldlyController.Index() 位置 E:\projects\gtxh_m\gtxh_m\Controllers\SteelYieldlyController.cs:行号 24

