2014/4/14 18:22:06-
在与 SQL Server 建立连接时出现与网络相关的或特定于实例的错误。未找到或无法访问服务器。请验证实例名称是否正确并且 SQL Server 已配置为允许远程连接。 (provider: Named Pipes Provider, error: 40 - 无法打开到 SQL Server 的连接)
   在 System.Data.SqlClient.SqlInternalConnection.OnError(SqlException exception, Boolean breakConnection)
   在 System.Data.SqlClient.TdsParser.ThrowExceptionAndWarning()
   在 System.Data.SqlClient.TdsParser.Connect(ServerInfo serverInfo, SqlInternalConnectionTds connHandler, Boolean ignoreSniOpenTimeout, Int64 timerExpire, Boolean encrypt, Boolean trustServerCert, Boolean integratedSecurity)
   在 System.Data.SqlClient.SqlInternalConnectionTds.AttemptOneLogin(ServerInfo serverInfo, String newPassword, Boolean ignoreSniOpenTimeout, TimeoutTimer timeout, SqlConnection owningObject)
   在 System.Data.SqlClient.SqlInternalConnectionTds.LoginNoFailover(ServerInfo serverInfo, String newPassword, Boolean redirectedUserInstance, SqlConnection owningObject, SqlConnectionString connectionOptions, TimeoutTimer timeout)
   在 System.Data.SqlClient.SqlInternalConnectionTds.OpenLoginEnlist(SqlConnection owningObject, TimeoutTimer timeout, SqlConnectionString connectionOptions, String newPassword, Boolean redirectedUserInstance)
   在 System.Data.SqlClient.SqlInternalConnectionTds..ctor(DbConnectionPoolIdentity identity, SqlConnectionString connectionOptions, Object providerInfo, String newPassword, SqlConnection owningObject, Boolean redirectedUserInstance)
   在 System.Data.SqlClient.SqlConnectionFactory.CreateConnection(DbConnectionOptions options, Object poolGroupProviderInfo, DbConnectionPool pool, DbConnection owningConnection)
   在 System.Data.ProviderBase.DbConnectionFactory.CreatePooledConnection(DbConnection owningConnection, DbConnectionPool pool, DbConnectionOptions options)
   在 System.Data.ProviderBase.DbConnectionPool.CreateObject(DbConnection owningObject)
   在 System.Data.ProviderBase.DbConnectionPool.UserCreateRequest(DbConnection owningObject)
   在 System.Data.ProviderBase.DbConnectionPool.GetConnection(DbConnection owningObject)
   在 System.Data.ProviderBase.DbConnectionFactory.GetConnection(DbConnection owningConnection)
   在 System.Data.ProviderBase.DbConnectionClosed.OpenConnection(DbConnection outerConnection, DbConnectionFactory connectionFactory)
   在 System.Data.SqlClient.SqlConnection.Open()
   在 System.Data.Common.DbDataAdapter.FillInternal(DataSet dataset, DataTable[] datatables, Int32 startRecord, Int32 maxRecords, String srcTable, IDbCommand command, CommandBehavior behavior)
   在 System.Data.Common.DbDataAdapter.Fill(DataTable[] dataTables, Int32 startRecord, Int32 maxRecords, IDbCommand command, CommandBehavior behavior)
   在 System.Data.Common.DbDataAdapter.Fill(DataTable dataTable)
   在 DBUtility.MsSqlHelper.SeeResults(String sql) 位置 C:\Users\Administrator\Desktop\网站\Justgo8\DBUtility\MsSqlHelper.cs:行号 35

2014/4/14 18:22:06-
在与 SQL Server 建立连接时出现与网络相关的或特定于实例的错误。未找到或无法访问服务器。请验证实例名称是否正确并且 SQL Server 已配置为允许远程连接。 (provider: Named Pipes Provider, error: 40 - 无法打开到 SQL Server 的连接)
   在 System.Data.ProviderBase.DbConnectionPool.GetConnection(DbConnection owningObject)
   在 System.Data.ProviderBase.DbConnectionFactory.GetConnection(DbConnection owningConnection)
   在 System.Data.ProviderBase.DbConnectionClosed.OpenConnection(DbConnection outerConnection, DbConnectionFactory connectionFactory)
   在 System.Data.SqlClient.SqlConnection.Open()
   在 System.Data.Common.DbDataAdapter.FillInternal(DataSet dataset, DataTable[] datatables, Int32 startRecord, Int32 maxRecords, String srcTable, IDbCommand command, CommandBehavior behavior)
   在 System.Data.Common.DbDataAdapter.Fill(DataTable[] dataTables, Int32 startRecord, Int32 maxRecords, IDbCommand command, CommandBehavior behavior)
   在 System.Data.Common.DbDataAdapter.Fill(DataTable dataTable)
   在 DBUtility.MsSqlHelper.SeeResults(String sql) 位置 C:\Users\Administrator\Desktop\网站\Justgo8\DBUtility\MsSqlHelper.cs:行号 35

2014/4/14 18:22:06-
在与 SQL Server 建立连接时出现与网络相关的或特定于实例的错误。未找到或无法访问服务器。请验证实例名称是否正确并且 SQL Server 已配置为允许远程连接。 (provider: Named Pipes Provider, error: 40 - 无法打开到 SQL Server 的连接)
   在 System.Data.ProviderBase.DbConnectionPool.GetConnection(DbConnection owningObject)
   在 System.Data.ProviderBase.DbConnectionFactory.GetConnection(DbConnection owningConnection)
   在 System.Data.ProviderBase.DbConnectionClosed.OpenConnection(DbConnection outerConnection, DbConnectionFactory connectionFactory)
   在 System.Data.SqlClient.SqlConnection.Open()
   在 System.Data.Common.DbDataAdapter.FillInternal(DataSet dataset, DataTable[] datatables, Int32 startRecord, Int32 maxRecords, String srcTable, IDbCommand command, CommandBehavior behavior)
   在 System.Data.Common.DbDataAdapter.Fill(DataTable[] dataTables, Int32 startRecord, Int32 maxRecords, IDbCommand command, CommandBehavior behavior)
   在 System.Data.Common.DbDataAdapter.Fill(DataTable dataTable)
   在 DBUtility.MsSqlHelper.SeeResults(String sql) 位置 C:\Users\Administrator\Desktop\网站\Justgo8\DBUtility\MsSqlHelper.cs:行号 35

2014/4/14 18:22:06-
在与 SQL Server 建立连接时出现与网络相关的或特定于实例的错误。未找到或无法访问服务器。请验证实例名称是否正确并且 SQL Server 已配置为允许远程连接。 (provider: Named Pipes Provider, error: 40 - 无法打开到 SQL Server 的连接)
   在 System.Data.ProviderBase.DbConnectionPool.GetConnection(DbConnection owningObject)
   在 System.Data.ProviderBase.DbConnectionFactory.GetConnection(DbConnection owningConnection)
   在 System.Data.ProviderBase.DbConnectionClosed.OpenConnection(DbConnection outerConnection, DbConnectionFactory connectionFactory)
   在 System.Data.SqlClient.SqlConnection.Open()
   在 System.Data.Common.DbDataAdapter.FillInternal(DataSet dataset, DataTable[] datatables, Int32 startRecord, Int32 maxRecords, String srcTable, IDbCommand command, CommandBehavior behavior)
   在 System.Data.Common.DbDataAdapter.Fill(DataTable[] dataTables, Int32 startRecord, Int32 maxRecords, IDbCommand command, CommandBehavior behavior)
   在 System.Data.Common.DbDataAdapter.Fill(DataTable dataTable)
   在 DBUtility.MsSqlHelper.SeeResults(String sql) 位置 C:\Users\Administrator\Desktop\网站\Justgo8\DBUtility\MsSqlHelper.cs:行号 35

2014/4/14 18:22:06-
在与 SQL Server 建立连接时出现与网络相关的或特定于实例的错误。未找到或无法访问服务器。请验证实例名称是否正确并且 SQL Server 已配置为允许远程连接。 (provider: Named Pipes Provider, error: 40 - 无法打开到 SQL Server 的连接)
   在 System.Data.ProviderBase.DbConnectionPool.GetConnection(DbConnection owningObject)
   在 System.Data.ProviderBase.DbConnectionFactory.GetConnection(DbConnection owningConnection)
   在 System.Data.ProviderBase.DbConnectionClosed.OpenConnection(DbConnection outerConnection, DbConnectionFactory connectionFactory)
   在 System.Data.SqlClient.SqlConnection.Open()
   在 System.Data.Common.DbDataAdapter.FillInternal(DataSet dataset, DataTable[] datatables, Int32 startRecord, Int32 maxRecords, String srcTable, IDbCommand command, CommandBehavior behavior)
   在 System.Data.Common.DbDataAdapter.Fill(DataTable[] dataTables, Int32 startRecord, Int32 maxRecords, IDbCommand command, CommandBehavior behavior)
   在 System.Data.Common.DbDataAdapter.Fill(DataTable dataTable)
   在 DBUtility.MsSqlHelper.SeeResults(String sql) 位置 C:\Users\Administrator\Desktop\网站\Justgo8\DBUtility\MsSqlHelper.cs:行号 35

2014/4/14 18:22:06-
在与 SQL Server 建立连接时出现与网络相关的或特定于实例的错误。未找到或无法访问服务器。请验证实例名称是否正确并且 SQL Server 已配置为允许远程连接。 (provider: Named Pipes Provider, error: 40 - 无法打开到 SQL Server 的连接)
   在 System.Data.ProviderBase.DbConnectionPool.GetConnection(DbConnection owningObject)
   在 System.Data.ProviderBase.DbConnectionFactory.GetConnection(DbConnection owningConnection)
   在 System.Data.ProviderBase.DbConnectionClosed.OpenConnection(DbConnection outerConnection, DbConnectionFactory connectionFactory)
   在 System.Data.SqlClient.SqlConnection.Open()
   在 System.Data.Common.DbDataAdapter.FillInternal(DataSet dataset, DataTable[] datatables, Int32 startRecord, Int32 maxRecords, String srcTable, IDbCommand command, CommandBehavior behavior)
   在 System.Data.Common.DbDataAdapter.Fill(DataTable[] dataTables, Int32 startRecord, Int32 maxRecords, IDbCommand command, CommandBehavior behavior)
   在 System.Data.Common.DbDataAdapter.Fill(DataTable dataTable)
   在 DBUtility.MsSqlHelper.SeeResults(String sql) 位置 C:\Users\Administrator\Desktop\网站\Justgo8\DBUtility\MsSqlHelper.cs:行号 35

2014/4/14 21:08:42-
不能将值 NULL 插入列 'LastLogTime'，表 'a0321173731.a0321173731.Tb_Account'；列不允许有空值。INSERT 失败。
语句已终止。
   在 System.Data.SqlClient.SqlConnection.OnError(SqlException exception, Boolean breakConnection)
   在 System.Data.SqlClient.SqlInternalConnection.OnError(SqlException exception, Boolean breakConnection)
   在 System.Data.SqlClient.TdsParser.ThrowExceptionAndWarning()
   在 System.Data.SqlClient.TdsParser.Run(RunBehavior runBehavior, SqlCommand cmdHandler, SqlDataReader dataStream, BulkCopySimpleResultSet bulkCopyHandler, TdsParserStateObject stateObj)
   在 System.Data.SqlClient.SqlCommand.RunExecuteNonQueryTds(String methodName, Boolean async)
   在 System.Data.SqlClient.SqlCommand.InternalExecuteNonQuery(DbAsyncResult result, String methodName, Boolean sendToPipe)
   在 System.Data.SqlClient.SqlCommand.ExecuteNonQuery()
   在 DBUtility.MsSqlHelper.GetNum(String sql) 位置 C:\Users\Administrator\Desktop\网站\Justgo8\DBUtility\MsSqlHelper.cs:行号 58

2014/4/14 21:09:37-
不能将值 NULL 插入列 'LastLogTime'，表 'a0321173731.a0321173731.Tb_Account'；列不允许有空值。INSERT 失败。
语句已终止。
   在 System.Data.SqlClient.SqlConnection.OnError(SqlException exception, Boolean breakConnection)
   在 System.Data.SqlClient.SqlInternalConnection.OnError(SqlException exception, Boolean breakConnection)
   在 System.Data.SqlClient.TdsParser.ThrowExceptionAndWarning()
   在 System.Data.SqlClient.TdsParser.Run(RunBehavior runBehavior, SqlCommand cmdHandler, SqlDataReader dataStream, BulkCopySimpleResultSet bulkCopyHandler, TdsParserStateObject stateObj)
   在 System.Data.SqlClient.SqlCommand.RunExecuteNonQueryTds(String methodName, Boolean async)
   在 System.Data.SqlClient.SqlCommand.InternalExecuteNonQuery(DbAsyncResult result, String methodName, Boolean sendToPipe)
   在 System.Data.SqlClient.SqlCommand.ExecuteNonQuery()
   在 DBUtility.MsSqlHelper.GetNum(String sql) 位置 C:\Users\Administrator\Desktop\网站\Justgo8\DBUtility\MsSqlHelper.cs:行号 58

2014/4/14 21:22:48-
不能将值 NULL 插入列 'LastLogTime'，表 'a0321173731.a0321173731.Tb_Account'；列不允许有空值。INSERT 失败。
语句已终止。
   在 System.Data.SqlClient.SqlConnection.OnError(SqlException exception, Boolean breakConnection)
   在 System.Data.SqlClient.SqlInternalConnection.OnError(SqlException exception, Boolean breakConnection)
   在 System.Data.SqlClient.TdsParser.ThrowExceptionAndWarning()
   在 System.Data.SqlClient.TdsParser.Run(RunBehavior runBehavior, SqlCommand cmdHandler, SqlDataReader dataStream, BulkCopySimpleResultSet bulkCopyHandler, TdsParserStateObject stateObj)
   在 System.Data.SqlClient.SqlCommand.RunExecuteNonQueryTds(String methodName, Boolean async)
   在 System.Data.SqlClient.SqlCommand.InternalExecuteNonQuery(DbAsyncResult result, String methodName, Boolean sendToPipe)
   在 System.Data.SqlClient.SqlCommand.ExecuteNonQuery()
   在 DBUtility.MsSqlHelper.GetNum(String sql) 位置 C:\Users\Administrator\Desktop\网站\Justgo8\DBUtility\MsSqlHelper.cs:行号 58

2014/4/14 21:24:07-
不能将值 NULL 插入列 'LastLogTime'，表 'a0321173731.a0321173731.Tb_Account'；列不允许有空值。INSERT 失败。
语句已终止。
   在 System.Data.SqlClient.SqlConnection.OnError(SqlException exception, Boolean breakConnection)
   在 System.Data.SqlClient.SqlInternalConnection.OnError(SqlException exception, Boolean breakConnection)
   在 System.Data.SqlClient.TdsParser.ThrowExceptionAndWarning()
   在 System.Data.SqlClient.TdsParser.Run(RunBehavior runBehavior, SqlCommand cmdHandler, SqlDataReader dataStream, BulkCopySimpleResultSet bulkCopyHandler, TdsParserStateObject stateObj)
   在 System.Data.SqlClient.SqlCommand.RunExecuteNonQueryTds(String methodName, Boolean async)
   在 System.Data.SqlClient.SqlCommand.InternalExecuteNonQuery(DbAsyncResult result, String methodName, Boolean sendToPipe)
   在 System.Data.SqlClient.SqlCommand.ExecuteNonQuery()
   在 DBUtility.MsSqlHelper.GetNum(String sql) 位置 C:\Users\Administrator\Desktop\网站\Justgo8\DBUtility\MsSqlHelper.cs:行号 58

2014/4/14 21:24:35-
不能将值 NULL 插入列 'LastLogTime'，表 'a0321173731.a0321173731.Tb_Account'；列不允许有空值。INSERT 失败。
语句已终止。
   在 System.Data.SqlClient.SqlConnection.OnError(SqlException exception, Boolean breakConnection)
   在 System.Data.SqlClient.SqlInternalConnection.OnError(SqlException exception, Boolean breakConnection)
   在 System.Data.SqlClient.TdsParser.ThrowExceptionAndWarning()
   在 System.Data.SqlClient.TdsParser.Run(RunBehavior runBehavior, SqlCommand cmdHandler, SqlDataReader dataStream, BulkCopySimpleResultSet bulkCopyHandler, TdsParserStateObject stateObj)
   在 System.Data.SqlClient.SqlCommand.RunExecuteNonQueryTds(String methodName, Boolean async)
   在 System.Data.SqlClient.SqlCommand.InternalExecuteNonQuery(DbAsyncResult result, String methodName, Boolean sendToPipe)
   在 System.Data.SqlClient.SqlCommand.ExecuteNonQuery()
   在 DBUtility.MsSqlHelper.GetNum(String sql) 位置 C:\Users\Administrator\Desktop\网站\Justgo8\DBUtility\MsSqlHelper.cs:行号 58

2014/4/14 21:25:51-
不能将值 NULL 插入列 'LastLogTime'，表 'a0321173731.a0321173731.Tb_Account'；列不允许有空值。INSERT 失败。
语句已终止。
   在 System.Data.SqlClient.SqlConnection.OnError(SqlException exception, Boolean breakConnection)
   在 System.Data.SqlClient.SqlInternalConnection.OnError(SqlException exception, Boolean breakConnection)
   在 System.Data.SqlClient.TdsParser.ThrowExceptionAndWarning()
   在 System.Data.SqlClient.TdsParser.Run(RunBehavior runBehavior, SqlCommand cmdHandler, SqlDataReader dataStream, BulkCopySimpleResultSet bulkCopyHandler, TdsParserStateObject stateObj)
   在 System.Data.SqlClient.SqlCommand.RunExecuteNonQueryTds(String methodName, Boolean async)
   在 System.Data.SqlClient.SqlCommand.InternalExecuteNonQuery(DbAsyncResult result, String methodName, Boolean sendToPipe)
   在 System.Data.SqlClient.SqlCommand.ExecuteNonQuery()
   在 DBUtility.MsSqlHelper.GetNum(String sql) 位置 C:\Users\Administrator\Desktop\网站\Justgo8\DBUtility\MsSqlHelper.cs:行号 58

2014/4/14 21:26:15-
不能将值 NULL 插入列 'LastLogTime'，表 'a0321173731.a0321173731.Tb_Account'；列不允许有空值。INSERT 失败。
语句已终止。
   在 System.Data.SqlClient.SqlConnection.OnError(SqlException exception, Boolean breakConnection)
   在 System.Data.SqlClient.SqlInternalConnection.OnError(SqlException exception, Boolean breakConnection)
   在 System.Data.SqlClient.TdsParser.ThrowExceptionAndWarning()
   在 System.Data.SqlClient.TdsParser.Run(RunBehavior runBehavior, SqlCommand cmdHandler, SqlDataReader dataStream, BulkCopySimpleResultSet bulkCopyHandler, TdsParserStateObject stateObj)
   在 System.Data.SqlClient.SqlCommand.RunExecuteNonQueryTds(String methodName, Boolean async)
   在 System.Data.SqlClient.SqlCommand.InternalExecuteNonQuery(DbAsyncResult result, String methodName, Boolean sendToPipe)
   在 System.Data.SqlClient.SqlCommand.ExecuteNonQuery()
   在 DBUtility.MsSqlHelper.GetNum(String sql) 位置 C:\Users\Administrator\Desktop\网站\Justgo8\DBUtility\MsSqlHelper.cs:行号 58

2014/4/14 21:28:53-
不能将值 NULL 插入列 'LastLogTime'，表 'a0321173731.a0321173731.Tb_Account'；列不允许有空值。INSERT 失败。
语句已终止。
   在 System.Data.SqlClient.SqlConnection.OnError(SqlException exception, Boolean breakConnection)
   在 System.Data.SqlClient.SqlInternalConnection.OnError(SqlException exception, Boolean breakConnection)
   在 System.Data.SqlClient.TdsParser.ThrowExceptionAndWarning()
   在 System.Data.SqlClient.TdsParser.Run(RunBehavior runBehavior, SqlCommand cmdHandler, SqlDataReader dataStream, BulkCopySimpleResultSet bulkCopyHandler, TdsParserStateObject stateObj)
   在 System.Data.SqlClient.SqlCommand.RunExecuteNonQueryTds(String methodName, Boolean async)
   在 System.Data.SqlClient.SqlCommand.InternalExecuteNonQuery(DbAsyncResult result, String methodName, Boolean sendToPipe)
   在 System.Data.SqlClient.SqlCommand.ExecuteNonQuery()
   在 DBUtility.MsSqlHelper.GetNum(String sql) 位置 C:\Users\Administrator\Desktop\网站\Justgo8\DBUtility\MsSqlHelper.cs:行号 58

2014/4/14 22:24:56-
不能将值 NULL 插入列 'LastLogTime'，表 'a0321173731.a0321173731.Tb_Account'；列不允许有空值。INSERT 失败。
语句已终止。
   在 System.Data.SqlClient.SqlConnection.OnError(SqlException exception, Boolean breakConnection)
   在 System.Data.SqlClient.SqlInternalConnection.OnError(SqlException exception, Boolean breakConnection)
   在 System.Data.SqlClient.TdsParser.ThrowExceptionAndWarning()
   在 System.Data.SqlClient.TdsParser.Run(RunBehavior runBehavior, SqlCommand cmdHandler, SqlDataReader dataStream, BulkCopySimpleResultSet bulkCopyHandler, TdsParserStateObject stateObj)
   在 System.Data.SqlClient.SqlCommand.RunExecuteNonQueryTds(String methodName, Boolean async)
   在 System.Data.SqlClient.SqlCommand.InternalExecuteNonQuery(DbAsyncResult result, String methodName, Boolean sendToPipe)
   在 System.Data.SqlClient.SqlCommand.ExecuteNonQuery()
   在 DBUtility.MsSqlHelper.GetNum(String sql) 位置 C:\Users\Administrator\Desktop\网站\Justgo8\DBUtility\MsSqlHelper.cs:行号 58

2014/4/14 22:25:58-
不能将值 NULL 插入列 'LastLogTime'，表 'a0321173731.a0321173731.Tb_Account'；列不允许有空值。INSERT 失败。
语句已终止。
   在 System.Data.SqlClient.SqlConnection.OnError(SqlException exception, Boolean breakConnection)
   在 System.Data.SqlClient.SqlInternalConnection.OnError(SqlException exception, Boolean breakConnection)
   在 System.Data.SqlClient.TdsParser.ThrowExceptionAndWarning()
   在 System.Data.SqlClient.TdsParser.Run(RunBehavior runBehavior, SqlCommand cmdHandler, SqlDataReader dataStream, BulkCopySimpleResultSet bulkCopyHandler, TdsParserStateObject stateObj)
   在 System.Data.SqlClient.SqlCommand.RunExecuteNonQueryTds(String methodName, Boolean async)
   在 System.Data.SqlClient.SqlCommand.InternalExecuteNonQuery(DbAsyncResult result, String methodName, Boolean sendToPipe)
   在 System.Data.SqlClient.SqlCommand.ExecuteNonQuery()
   在 DBUtility.MsSqlHelper.GetNum(String sql) 位置 C:\Users\Administrator\Desktop\网站\Justgo8\DBUtility\MsSqlHelper.cs:行号 58

2014/4/14 22:28:05-
不能将值 NULL 插入列 'LastLogTime'，表 'a0321173731.a0321173731.Tb_Account'；列不允许有空值。INSERT 失败。
语句已终止。
   在 System.Data.SqlClient.SqlConnection.OnError(SqlException exception, Boolean breakConnection)
   在 System.Data.SqlClient.SqlInternalConnection.OnError(SqlException exception, Boolean breakConnection)
   在 System.Data.SqlClient.TdsParser.ThrowExceptionAndWarning()
   在 System.Data.SqlClient.TdsParser.Run(RunBehavior runBehavior, SqlCommand cmdHandler, SqlDataReader dataStream, BulkCopySimpleResultSet bulkCopyHandler, TdsParserStateObject stateObj)
   在 System.Data.SqlClient.SqlCommand.RunExecuteNonQueryTds(String methodName, Boolean async)
   在 System.Data.SqlClient.SqlCommand.InternalExecuteNonQuery(DbAsyncResult result, String methodName, Boolean sendToPipe)
   在 System.Data.SqlClient.SqlCommand.ExecuteNonQuery()
   在 DBUtility.MsSqlHelper.GetNum(String sql) 位置 C:\Users\Administrator\Desktop\网站\Justgo8\DBUtility\MsSqlHelper.cs:行号 58

2014/4/14 22:36:44-
System.FormatException: 输入字符串的格式不正确。
   在 System.Number.ParseSingle(String value, NumberStyles options, NumberFormatInfo numfmt)
   在 System.Single.Parse(String s)
   在 Justgo8.detail.btnadd_Click(Object sender, EventArgs e) 位置 C:\Users\Administrator\Desktop\网站\Justgo8\Justgo8\detail.aspx.cs:行号 57

2014/4/14 22:38:25-
System.FormatException: 输入字符串的格式不正确。
   在 System.Number.ParseSingle(String value, NumberStyles options, NumberFormatInfo numfmt)
   在 System.Single.Parse(String s)
   在 Justgo8.detail.btnadd_Click(Object sender, EventArgs e) 位置 C:\Users\Administrator\Desktop\网站\Justgo8\Justgo8\detail.aspx.cs:行号 57

2014/4/14 22:41:17-
INSERT 语句中列的数目大于 VALUES 子句中指定的值的数目。VALUES 子句中值的数目必须与 INSERT 语句中指定的列的数目匹配。
   在 System.Data.SqlClient.SqlConnection.OnError(SqlException exception, Boolean breakConnection)
   在 System.Data.SqlClient.SqlInternalConnection.OnError(SqlException exception, Boolean breakConnection)
   在 System.Data.SqlClient.TdsParser.ThrowExceptionAndWarning()
   在 System.Data.SqlClient.TdsParser.Run(RunBehavior runBehavior, SqlCommand cmdHandler, SqlDataReader dataStream, BulkCopySimpleResultSet bulkCopyHandler, TdsParserStateObject stateObj)
   在 System.Data.SqlClient.SqlCommand.RunExecuteNonQueryTds(String methodName, Boolean async)
   在 System.Data.SqlClient.SqlCommand.InternalExecuteNonQuery(DbAsyncResult result, String methodName, Boolean sendToPipe)
   在 System.Data.SqlClient.SqlCommand.ExecuteNonQuery()
   在 DBUtility.MsSqlHelper.GetNum(String sql) 位置 C:\Users\Administrator\Desktop\网站\Justgo8\DBUtility\MsSqlHelper.cs:行号 58

2014/4/14 22:42:03-
INSERT 语句中列的数目大于 VALUES 子句中指定的值的数目。VALUES 子句中值的数目必须与 INSERT 语句中指定的列的数目匹配。
   在 System.Data.SqlClient.SqlConnection.OnError(SqlException exception, Boolean breakConnection)
   在 System.Data.SqlClient.SqlInternalConnection.OnError(SqlException exception, Boolean breakConnection)
   在 System.Data.SqlClient.TdsParser.ThrowExceptionAndWarning()
   在 System.Data.SqlClient.TdsParser.Run(RunBehavior runBehavior, SqlCommand cmdHandler, SqlDataReader dataStream, BulkCopySimpleResultSet bulkCopyHandler, TdsParserStateObject stateObj)
   在 System.Data.SqlClient.SqlCommand.RunExecuteNonQueryTds(String methodName, Boolean async)
   在 System.Data.SqlClient.SqlCommand.InternalExecuteNonQuery(DbAsyncResult result, String methodName, Boolean sendToPipe)
   在 System.Data.SqlClient.SqlCommand.ExecuteNonQuery()
   在 DBUtility.MsSqlHelper.GetNum(String sql) 位置 C:\Users\Administrator\Desktop\网站\Justgo8\DBUtility\MsSqlHelper.cs:行号 58

2014/4/14 22:43:11-
INSERT 语句中列的数目大于 VALUES 子句中指定的值的数目。VALUES 子句中值的数目必须与 INSERT 语句中指定的列的数目匹配。
   在 System.Data.SqlClient.SqlConnection.OnError(SqlException exception, Boolean breakConnection)
   在 System.Data.SqlClient.SqlInternalConnection.OnError(SqlException exception, Boolean breakConnection)
   在 System.Data.SqlClient.TdsParser.ThrowExceptionAndWarning()
   在 System.Data.SqlClient.TdsParser.Run(RunBehavior runBehavior, SqlCommand cmdHandler, SqlDataReader dataStream, BulkCopySimpleResultSet bulkCopyHandler, TdsParserStateObject stateObj)
   在 System.Data.SqlClient.SqlCommand.RunExecuteNonQueryTds(String methodName, Boolean async)
   在 System.Data.SqlClient.SqlCommand.InternalExecuteNonQuery(DbAsyncResult result, String methodName, Boolean sendToPipe)
   在 System.Data.SqlClient.SqlCommand.ExecuteNonQuery()
   在 DBUtility.MsSqlHelper.GetNum(String sql) 位置 C:\Users\Administrator\Desktop\网站\Justgo8\DBUtility\MsSqlHelper.cs:行号 58

2014/4/14 22:43:47-
System.FormatException: 索引(从零开始)必须大于或等于零，且小于参数列表的大小。
   在 System.Text.StringBuilder.AppendFormat(IFormatProvider provider, String format, Object[] args)
   在 System.String.Format(IFormatProvider provider, String format, Object[] args)
   在 System.String.Format(String format, Object[] args)
   在 Justgo8.detail.btnadd_Click(Object sender, EventArgs e) 位置 C:\Users\Administrator\Desktop\网站\Justgo8\Justgo8\detail.aspx.cs:行号 70

2014/4/14 22:44:33-
System.FormatException: 索引(从零开始)必须大于或等于零，且小于参数列表的大小。
   在 System.Text.StringBuilder.AppendFormat(IFormatProvider provider, String format, Object[] args)
   在 System.String.Format(IFormatProvider provider, String format, Object[] args)
   在 System.String.Format(String format, Object[] args)
   在 Justgo8.detail.btnadd_Click(Object sender, EventArgs e) 位置 C:\Users\Administrator\Desktop\网站\Justgo8\Justgo8\detail.aspx.cs:行号 70

2014/4/14 22:45:20-
System.FormatException: 索引(从零开始)必须大于或等于零，且小于参数列表的大小。
   在 System.Text.StringBuilder.AppendFormat(IFormatProvider provider, String format, Object[] args)
   在 System.String.Format(IFormatProvider provider, String format, Object[] args)
   在 System.String.Format(String format, Object[] args)
   在 Justgo8.detail.btnadd_Click(Object sender, EventArgs e) 位置 C:\Users\Administrator\Desktop\网站\Justgo8\Justgo8\detail.aspx.cs:行号 70

2014/4/14 22:45:37-
System.FormatException: 索引(从零开始)必须大于或等于零，且小于参数列表的大小。
   在 System.Text.StringBuilder.AppendFormat(IFormatProvider provider, String format, Object[] args)
   在 System.String.Format(IFormatProvider provider, String format, Object[] args)
   在 System.String.Format(String format, Object[] args)
   在 Justgo8.detail.btnadd_Click(Object sender, EventArgs e) 位置 C:\Users\Administrator\Desktop\网站\Justgo8\Justgo8\detail.aspx.cs:行号 70

2014/4/14 22:46:13-
System.FormatException: 索引(从零开始)必须大于或等于零，且小于参数列表的大小。
   在 System.Text.StringBuilder.AppendFormat(IFormatProvider provider, String format, Object[] args)
   在 System.String.Format(IFormatProvider provider, String format, Object[] args)
   在 System.String.Format(String format, Object[] args)
   在 Justgo8.detail.btnadd_Click(Object sender, EventArgs e) 位置 C:\Users\Administrator\Desktop\网站\Justgo8\Justgo8\detail.aspx.cs:行号 70

2014/4/14 22:46:53-
System.InvalidOperationException: 必须指定发件人地址。
   在 System.Net.Mail.SmtpClient.Send(MailMessage message)
   在 Justgo8.detail.btnadd_Click(Object sender, EventArgs e) 位置 C:\Users\Administrator\Desktop\网站\Justgo8\Justgo8\detail.aspx.cs:行号 73

2014/4/14 22:47:28-
System.InvalidOperationException: 必须指定发件人地址。
   在 System.Net.Mail.SmtpClient.Send(MailMessage message)
   在 Justgo8.detail.btnadd_Click(Object sender, EventArgs e) 位置 C:\Users\Administrator\Desktop\网站\Justgo8\Justgo8\detail.aspx.cs:行号 73

2014/4/14 22:48:54-
System.Net.Mail.SmtpFailedRecipientsException: 无法发送给所有收件人。 ---> System.Net.Mail.SmtpFailedRecipientException: 邮箱不可用。 服务器响应为: Mailbox not found
   --- 内部异常堆栈跟踪的结尾 ---
   在 System.Net.Mail.SmtpTransport.SendMail(MailAddress sender, MailAddressCollection recipients, String deliveryNotify, SmtpFailedRecipientException& exception)
   在 System.Net.Mail.SmtpClient.Send(MailMessage message)
   在 Justgo8.detail.btnadd_Click(Object sender, EventArgs e) 位置 C:\Users\Administrator\Desktop\网站\Justgo8\Justgo8\detail.aspx.cs:行号 74

2014/4/14 22:50:30-
System.Net.Mail.SmtpFailedRecipientsException: 无法发送给所有收件人。 ---> System.Net.Mail.SmtpFailedRecipientException: 邮箱不可用。 服务器响应为: Mailbox not found
   --- 内部异常堆栈跟踪的结尾 ---
   在 System.Net.Mail.SmtpTransport.SendMail(MailAddress sender, MailAddressCollection recipients, String deliveryNotify, SmtpFailedRecipientException& exception)
   在 System.Net.Mail.SmtpClient.Send(MailMessage message)
   在 Justgo8.detail.btnadd_Click(Object sender, EventArgs e) 位置 C:\Users\Administrator\Desktop\网站\Justgo8\Justgo8\detail.aspx.cs:行号 74

2014/4/14 22:52:57-
System.Net.Mail.SmtpFailedRecipientsException: 无法发送给所有收件人。 ---> System.Net.Mail.SmtpFailedRecipientException: 邮箱不可用。 服务器响应为: Mailbox not found
   --- 内部异常堆栈跟踪的结尾 ---
   在 System.Net.Mail.SmtpTransport.SendMail(MailAddress sender, MailAddressCollection recipients, String deliveryNotify, SmtpFailedRecipientException& exception)
   在 System.Net.Mail.SmtpClient.Send(MailMessage message)
   在 Justgo8.detail.btnadd_Click(Object sender, EventArgs e) 位置 C:\Users\Administrator\Desktop\网站\Justgo8\Justgo8\detail.aspx.cs:行号 74

2014/4/14 22:55:04-
System.Net.Mail.SmtpFailedRecipientException: 邮箱不可用。 服务器响应为: Mailbox not found
   在 System.Net.Mail.SmtpTransport.SendMail(MailAddress sender, MailAddressCollection recipients, String deliveryNotify, SmtpFailedRecipientException& exception)
   在 System.Net.Mail.SmtpClient.Send(MailMessage message)
   在 Justgo8.detail.btnadd_Click(Object sender, EventArgs e) 位置 C:\Users\Administrator\Desktop\网站\Justgo8\Justgo8\detail.aspx.cs:行号 73

2014/4/14 22:58:11-
System.Net.Mail.SmtpFailedRecipientException: 邮箱不可用。 服务器响应为: Mailbox not found
   在 System.Net.Mail.SmtpTransport.SendMail(MailAddress sender, MailAddressCollection recipients, String deliveryNotify, SmtpFailedRecipientException& exception)
   在 System.Net.Mail.SmtpClient.Send(MailMessage message)
   在 Justgo8.detail.btnadd_Click(Object sender, EventArgs e) 位置 C:\Users\Administrator\Desktop\网站\Justgo8\Justgo8\detail.aspx.cs:行号 73

2014/4/14 22:59:09-
System.Net.Mail.SmtpFailedRecipientException: 邮箱不可用。 服务器响应为: Mailbox not found
   在 System.Net.Mail.SmtpTransport.SendMail(MailAddress sender, MailAddressCollection recipients, String deliveryNotify, SmtpFailedRecipientException& exception)
   在 System.Net.Mail.SmtpClient.Send(MailMessage message)
   在 Justgo8.detail.btnadd_Click(Object sender, EventArgs e) 位置 C:\Users\Administrator\Desktop\网站\Justgo8\Justgo8\detail.aspx.cs:行号 73

2014/4/14 23:00:08-
System.Net.Mail.SmtpFailedRecipientException: 邮箱不可用。 服务器响应为: Mailbox not found
   在 System.Net.Mail.SmtpTransport.SendMail(MailAddress sender, MailAddressCollection recipients, String deliveryNotify, SmtpFailedRecipientException& exception)
   在 System.Net.Mail.SmtpClient.Send(MailMessage message)
   在 Justgo8.detail.btnadd_Click(Object sender, EventArgs e) 位置 C:\Users\Administrator\Desktop\网站\Justgo8\Justgo8\detail.aspx.cs:行号 73

2014/4/14 23:02:46-
System.Net.Mail.SmtpFailedRecipientException: 邮箱不可用。 服务器响应为: Mailbox not found
   在 System.Net.Mail.SmtpTransport.SendMail(MailAddress sender, MailAddressCollection recipients, String deliveryNotify, SmtpFailedRecipientException& exception)
   在 System.Net.Mail.SmtpClient.Send(MailMessage message)
   在 Justgo8.detail.btnadd_Click(Object sender, EventArgs e) 位置 C:\Users\Administrator\Desktop\网站\Justgo8\Justgo8\detail.aspx.cs:行号 89

